<?xml version="1.0" encoding="UTF-8"?>
<coverage generated="1655163558454" clover="3.2.0">
  <project timestamp="1655163558454" name="All files">
    <metrics statements="4" coveredstatements="1" conditionals="2" coveredconditionals="0" methods="1" coveredmethods="0" elements="7" coveredelements="1" complexity="0" loc="4" ncloc="4" packages="1" files="1" classes="1"/>
    <file name="isEven.js" path="/Users/jalenparham/Documents/gc-projects/unit5/node-testing/isEven.js">
      <metrics statements="4" coveredstatements="1" conditionals="2" coveredconditionals="0" methods="1" coveredmethods="0"/>
      <line num="4" count="0" type="cond" truecount="0" falsecount="2"/>
      <line num="5" count="0" type="stmt"/>
      <line num="7" count="0" type="stmt"/>
      <line num="19" count="1" type="stmt"/>
    </file>
  </project>
</coverage>
